2023-16-08 18:25:52   INFO [FileUploaderWithSelenium] : -----fileUploaderWithSelenium was started ----
2023-16-08 18:25:57   INFO [FileUploaderWithSelenium] : Browser was opened
2023-16-08 18:26:00   INFO [pages.LoginPage] : Page was opened https://loans-dmz.dev.apps.testdmz-avalaunch.aval/gua-tender
2023-16-08 18:26:00  ERROR [pages.LoginPage] : Can not work with elementorg.openqa.selenium.InvalidElementStateException: invalid element state
  (Session info: chrome=115.0.5790.171)
Build info: version: '4.8.3', revision: 'e5e76298c3'
System info: os.name: 'Windows 10', os.arch: 'amd64', os.version: '10.0', java.version: '15.0.10'
Driver info: org.openqa.selenium.chrome.ChromeDriver
Command: [5852a1208ef8c33a2cbf4eeeb4a4ca05, clearElement {id=2997779690C3238DC76E21847938FFF3_element_17}]
Capabilities {acceptInsecureCerts: false, browserName: chrome, browserVersion: 115.0.5790.171, chrome: {chromedriverVersion: 114.0.5735.90 (386bc09e8f4f..., userDataDir: C:\Users\iuad1b2k\AppData\L...}, goog:chromeOptions: {debuggerAddress: localhost:51166}, networkConnectionEnabled: false, pageLoadStrategy: normal, platformName: WINDOWS, proxy: Proxy(), se:cdp: ws://localhost:51166/devtoo..., se:cdpVersion: 115.0.5790.171, setWindowRect: true, strictFileInteractability: false, timeouts: {implicit: 0, pageLoad: 300000, script: 30000}, unhandledPromptBehavior: dismiss and notify, webauthn:extension:credBlob: true, webauthn:extension:largeBlob: true, webauthn:extension:minPinLength: true, webauthn:extension:prf: true, webauthn:virtualAuthenticators: true}
Element: [[ChromeDriver: chrome on WINDOWS (5852a1208ef8c33a2cbf4eeeb4a4ca05)] -> xpath: .//input [@type ="password"]]
Session ID: 5852a1208ef8c33a2cbf4eeeb4a4ca05
2023-16-08 18:26:01   INFO [FileUploaderWithSelenium] : Browser was closed
2023-16-08 18:26:01   INFO [FileUploaderWithSelenium] : -----fileUploaderWithSelenium was stop ----
2023-16-08 18:27:11   INFO [FileUploaderWithSelenium] : -----fileUploaderWithSelenium was started ----
2023-16-08 18:27:14   INFO [FileUploaderWithSelenium] : Browser was opened
2023-16-08 18:27:17   INFO [pages.LoginPage] : Page was opened https://loans-dmz.dev.apps.testdmz-avalaunch.aval/gua-tender
2023-16-08 18:27:17  ERROR [pages.LoginPage] : Can not work with elementorg.openqa.selenium.InvalidElementStateException: invalid element state
  (Session info: chrome=115.0.5790.171)
Build info: version: '4.8.3', revision: 'e5e76298c3'
System info: os.name: 'Windows 10', os.arch: 'amd64', os.version: '10.0', java.version: '15.0.10'
Driver info: org.openqa.selenium.chrome.ChromeDriver
Command: [be2ec5c88b289e49f8d30c312826265c, clearElement {id=EDADD9A315E11E38362C49896AF1D91F_element_17}]
Capabilities {acceptInsecureCerts: false, browserName: chrome, browserVersion: 115.0.5790.171, chrome: {chromedriverVersion: 114.0.5735.90 (386bc09e8f4f..., userDataDir: C:\Users\iuad1b2k\AppData\L...}, goog:chromeOptions: {debuggerAddress: localhost:51454}, networkConnectionEnabled: false, pageLoadStrategy: normal, platformName: WINDOWS, proxy: Proxy(), se:cdp: ws://localhost:51454/devtoo..., se:cdpVersion: 115.0.5790.171, setWindowRect: true, strictFileInteractability: false, timeouts: {implicit: 0, pageLoad: 300000, script: 30000}, unhandledPromptBehavior: dismiss and notify, webauthn:extension:credBlob: true, webauthn:extension:largeBlob: true, webauthn:extension:minPinLength: true, webauthn:extension:prf: true, webauthn:virtualAuthenticators: true}
Element: [[ChromeDriver: chrome on WINDOWS (be2ec5c88b289e49f8d30c312826265c)] -> xpath: .//input [@type ="password"]]
Session ID: be2ec5c88b289e49f8d30c312826265c
2023-16-08 18:27:18   INFO [FileUploaderWithSelenium] : Browser was closed
2023-16-08 18:27:18   INFO [FileUploaderWithSelenium] : -----fileUploaderWithSelenium was stop ----
2023-16-08 18:35:15   INFO [FileUploaderWithSelenium] : -----fileUploaderWithSelenium was started ----
2023-16-08 18:35:19   INFO [FileUploaderWithSelenium] : Browser was opened
2023-16-08 18:35:22   INFO [pages.LoginPage] : Page was opened https://loans-dmz.dev.apps.testdmz-avalaunch.aval/gua-tender
2023-16-08 18:35:22   INFO [pages.LoginPage] : Element is not displayed
2023-16-08 18:35:23   INFO [FileUploaderWithSelenium] : Browser was closed
2023-16-08 18:35:23   INFO [FileUploaderWithSelenium] : -----fileUploaderWithSelenium was stop ----
2023-16-08 18:39:24   INFO [FileUploaderWithSelenium] : -----fileUploaderWithSelenium was started ----
2023-16-08 18:39:28   INFO [FileUploaderWithSelenium] : Browser was opened
2023-16-08 18:39:31   INFO [pages.LoginPage] : Page was opened https://loans-dmz.dev.apps.testdmz-avalaunch.aval/gua-tender
2023-16-08 18:39:31   INFO [pages.LoginPage] :  Element is not displayed
2023-16-08 18:39:32   INFO [FileUploaderWithSelenium] : Browser was closed
2023-16-08 18:39:32   INFO [FileUploaderWithSelenium] : -----fileUploaderWithSelenium was stop ----
2023-16-08 18:43:43   INFO [FileUploaderWithSelenium] : -----fileUploaderWithSelenium was started ----
2023-16-08 18:43:46   INFO [FileUploaderWithSelenium] : Browser was opened
2023-16-08 18:43:49   INFO [pages.LoginPage] : Page was opened https://loans-dmz.dev.apps.testdmz-avalaunch.aval/gua-tender
2023-16-08 18:43:49   INFO [pages.LoginPage] :  Element is not displayed
2023-16-08 18:43:50   INFO [FileUploaderWithSelenium] : Browser was closed
2023-16-08 18:43:50   INFO [FileUploaderWithSelenium] : -----fileUploaderWithSelenium was stop ----
2023-16-08 18:46:01   INFO [FileUploaderWithSelenium] : -----fileUploaderWithSelenium was started ----
2023-16-08 18:46:05   INFO [FileUploaderWithSelenium] : Browser was opened
2023-16-08 18:46:08   INFO [pages.LoginPage] : Page was opened https://loans-dmz.dev.apps.testdmz-avalaunch.aval/gua-tender
2023-16-08 18:46:08   INFO [pages.LoginPage] :  Element is not displayed
2023-16-08 18:46:09   INFO [FileUploaderWithSelenium] : Browser was closed
2023-16-08 18:46:09   INFO [FileUploaderWithSelenium] : -----fileUploaderWithSelenium was stop ----
2023-16-08 18:49:24   INFO [FileUploaderWithSelenium] : -----fileUploaderWithSelenium was started ----
2023-16-08 18:49:27   INFO [FileUploaderWithSelenium] : Browser was opened
2023-16-08 18:49:30   INFO [pages.LoginPage] : Page was opened https://loans-dmz.dev.apps.testdmz-avalaunch.aval/gua-tender
2023-16-08 18:49:30   INFO [pages.LoginPage] : Element is displayed
2023-16-08 18:49:30   INFO [pages.LoginPage] :  Element is not displayed
2023-16-08 18:49:31   INFO [FileUploaderWithSelenium] : Browser was closed
2023-16-08 18:49:31   INFO [FileUploaderWithSelenium] : -----fileUploaderWithSelenium was stop ----
2023-16-08 18:51:01   INFO [FileUploaderWithSelenium] : -----fileUploaderWithSelenium was started ----
2023-16-08 18:51:04   INFO [FileUploaderWithSelenium] : Browser was opened
2023-16-08 18:51:08   INFO [pages.LoginPage] : Page was opened https://loans-dmz.dev.apps.testdmz-avalaunch.aval/gua-tender
2023-16-08 18:51:08   INFO [pages.LoginPage] : Element is displayed
2023-16-08 18:51:08   INFO [pages.LoginPage] :  Element is not displayed
2023-16-08 18:51:09   INFO [FileUploaderWithSelenium] : Browser was closed
2023-16-08 18:51:09   INFO [FileUploaderWithSelenium] : -----fileUploaderWithSelenium was stop ----
2023-16-08 18:52:20   INFO [FileUploaderWithSelenium] : -----fileUploaderWithSelenium was started ----
2023-16-08 18:52:24   INFO [FileUploaderWithSelenium] : Browser was opened
2023-16-08 18:52:28   INFO [pages.LoginPage] : Page was opened https://loans-dmz.dev.apps.testdmz-avalaunch.aval/gua-tender
2023-16-08 18:52:28   INFO [pages.LoginPage] : Element is displayed
2023-16-08 18:53:29   INFO [FileUploaderWithSelenium] : Browser was closed
2023-16-08 18:53:29   INFO [FileUploaderWithSelenium] : -----fileUploaderWithSelenium was stop ----
2023-16-08 19:04:33   INFO [FileUploaderWithSelenium] : -----fileUploaderWithSelenium was started ----
2023-16-08 19:04:37   INFO [FileUploaderWithSelenium] : Browser was opened
2023-16-08 19:04:40   INFO [pages.LoginPage] : Page was opened https://loans-dmz.dev.apps.testdmz-avalaunch.aval/gua-tender
2023-16-08 19:04:40   INFO [pages.LoginPage] : Element is displayed
2023-16-08 19:04:40   INFO [pages.LoginPage] :  element is not displayed
2023-16-08 19:04:41   INFO [FileUploaderWithSelenium] : Browser was closed
2023-16-08 19:04:41   INFO [FileUploaderWithSelenium] : -----fileUploaderWithSelenium was stop ----
2023-16-08 19:11:07   INFO [FileUploaderWithSelenium] : -----fileUploaderWithSelenium was started ----
2023-16-08 19:11:10   INFO [FileUploaderWithSelenium] : Browser was opened
2023-16-08 19:11:13   INFO [pages.LoginPage] : Page was opened https://loans-dmz.dev.apps.testdmz-avalaunch.aval/gua-tender
2023-16-08 19:11:13   INFO [pages.LoginPage] : Element is displayed
2023-16-08 19:12:14   INFO [FileUploaderWithSelenium] : Browser was closed
2023-16-08 19:12:14   INFO [FileUploaderWithSelenium] : -----fileUploaderWithSelenium was stop ----
2023-16-08 19:14:10   INFO [FileUploaderWithSelenium] : -----fileUploaderWithSelenium was started ----
2023-16-08 19:14:13   INFO [FileUploaderWithSelenium] : Browser was opened
2023-16-08 19:14:16   INFO [pages.LoginPage] : Page was opened https://loans-dmz.dev.apps.testdmz-avalaunch.aval/gua-tender
2023-16-08 19:14:16   INFO [pages.LoginPage] : Element is displayed
2023-16-08 19:14:16   INFO [FileUploaderWithSelenium] : Send file
2023-16-08 19:14:17   INFO [FileUploaderWithSelenium] : Browser was closed
2023-16-08 19:14:17   INFO [FileUploaderWithSelenium] : -----fileUploaderWithSelenium was stop ----
2023-16-08 19:32:29   INFO [FileUploaderWithSelenium] : -----fileHiddenUploaderWithSelenium was started ----
2023-16-08 19:32:32   INFO [FileUploaderWithSelenium] : Browser was opened
2023-16-08 19:32:33  ERROR [pages.LoginPage] : Can not open https://loans-dmz.dev.apps.testdmz-avalaunch.aval/gua-tender
2023-16-08 19:32:33   INFO [FileUploaderWithSelenium] : Browser was closed
2023-16-08 19:32:33   INFO [FileUploaderWithSelenium] : -----fileHiddenUploaderWithSelenium was stop ----
2023-16-08 19:33:24   INFO [FileUploaderWithSelenium] : -----fileHiddenUploaderWithSelenium was started ----
2023-16-08 19:33:28   INFO [FileUploaderWithSelenium] : Browser was opened
2023-16-08 19:33:31   INFO [pages.LoginPage] : Page was opened https://loans-dmz.dev.apps.testdmz-avalaunch.aval/gua-tender
2023-16-08 19:33:31   INFO [pages.LoginPage] : Element is displayed
2023-16-08 19:34:32   INFO [FileUploaderWithSelenium] : Browser was closed
2023-16-08 19:34:32   INFO [FileUploaderWithSelenium] : -----fileHiddenUploaderWithSelenium was stop ----
2023-16-08 19:39:15   INFO [FileUploaderWithSelenium] : -----fileHiddenUploaderWithSelenium was started ----
2023-16-08 19:39:18   INFO [FileUploaderWithSelenium] : Browser was opened
2023-16-08 19:39:22   INFO [pages.LoginPage] : Page was opened https://loans-dmz.dev.apps.testdmz-avalaunch.aval/gua-tender
2023-16-08 19:39:22   INFO [pages.LoginPage] : Element is displayed
2023-16-08 19:40:23   INFO [FileUploaderWithSelenium] : Browser was closed
2023-16-08 19:40:23   INFO [FileUploaderWithSelenium] : -----fileHiddenUploaderWithSelenium was stop ----
2023-16-08 19:51:58   INFO [FileUploaderWithSelenium] : -----fileHiddenUploaderWithSelenium was started ----
2023-16-08 19:52:01   INFO [FileUploaderWithSelenium] : Browser was opened
2023-16-08 19:52:05   INFO [pages.LoginPage] : Page was opened https://loans-dmz.dev.apps.testdmz-avalaunch.aval/gua-tender
2023-16-08 19:52:05   INFO [pages.LoginPage] : Element is displayed
2023-16-08 19:52:05   INFO [FileUploaderWithSelenium] : Send file
2023-16-08 19:52:05   INFO [pages.LoginPage] :  element is not displayed
2023-16-08 19:52:06   INFO [FileUploaderWithSelenium] : Browser was closed
2023-16-08 19:52:06   INFO [FileUploaderWithSelenium] : -----fileHiddenUploaderWithSelenium was stop ----
2023-16-08 19:53:50   INFO [FileUploaderWithSelenium] : -----fileHiddenUploaderWithSelenium was started ----
2023-16-08 19:53:54   INFO [FileUploaderWithSelenium] : Browser was opened
2023-16-08 19:53:57   INFO [pages.LoginPage] : Page was opened https://loans-dmz.dev.apps.testdmz-avalaunch.aval/gua-tender
2023-16-08 19:53:57   INFO [pages.LoginPage] : Element is displayed
2023-16-08 19:53:57   INFO [FileUploaderWithSelenium] : Send file
2023-16-08 19:53:57   INFO [pages.LoginPage] :  element is not displayed
2023-16-08 19:53:58   INFO [FileUploaderWithSelenium] : Browser was closed
2023-16-08 19:53:58   INFO [FileUploaderWithSelenium] : -----fileHiddenUploaderWithSelenium was stop ----
2023-16-08 19:54:33   INFO [FileUploaderWithSelenium] : -----fileHiddenUploaderWithSelenium was started ----
2023-16-08 19:54:37   INFO [FileUploaderWithSelenium] : Browser was opened
2023-16-08 19:54:41   INFO [pages.LoginPage] : Page was opened https://loans-dmz.dev.apps.testdmz-avalaunch.aval/gua-tender
2023-16-08 19:54:42   INFO [pages.LoginPage] : Element is displayed
2023-16-08 19:54:42   INFO [FileUploaderWithSelenium] : Send file
2023-16-08 19:54:42   INFO [pages.LoginPage] :  element is not displayed
2023-16-08 19:54:42   INFO [FileUploaderWithSelenium] : Browser was closed
2023-16-08 19:54:42   INFO [FileUploaderWithSelenium] : -----fileHiddenUploaderWithSelenium was stop ----
2023-16-08 19:55:04   INFO [FileUploaderWithSelenium] : -----fileHiddenUploaderWithSelenium was started ----
2023-16-08 19:55:07   INFO [FileUploaderWithSelenium] : Browser was opened
2023-16-08 19:55:11   INFO [pages.LoginPage] : Page was opened https://loans-dmz.dev.apps.testdmz-avalaunch.aval/gua-tender
2023-16-08 19:55:11   INFO [pages.LoginPage] : Element is displayed
2023-16-08 19:55:11   INFO [FileUploaderWithSelenium] : Send file
2023-16-08 19:55:11   INFO [pages.LoginPage] :  element is not displayed
2023-16-08 19:55:12   INFO [FileUploaderWithSelenium] : Browser was closed
2023-16-08 19:55:12   INFO [FileUploaderWithSelenium] : -----fileHiddenUploaderWithSelenium was stop ----
2023-16-08 20:11:23   INFO [FileUploaderWithSelenium] : -----fileHiddenUploaderWithSelenium was started ----
2023-16-08 20:11:26   INFO [FileUploaderWithSelenium] : Browser was opened
2023-16-08 20:11:31   INFO [pages.LoginPage] : Page was opened https://loans-dmz.dev.apps.testdmz-avalaunch.aval/gua-tender
2023-16-08 20:11:31   INFO [pages.LoginPage] : Element is displayed
2023-16-08 20:11:31   INFO [FileUploaderWithSelenium] : Send file
2023-16-08 20:11:31   INFO [pages.LoginPage] : Element is displayed
2023-16-08 20:11:31   INFO [pages.LoginPage] :  element is not displayed
2023-16-08 20:11:32   INFO [FileUploaderWithSelenium] : Browser was closed
2023-16-08 20:11:32   INFO [FileUploaderWithSelenium] : -----fileHiddenUploaderWithSelenium was stop ----
2023-16-08 20:23:28   INFO [FileUploaderWithSelenium] : -----fileHiddenUploaderWithSelenium was started ----
2023-16-08 20:23:31   INFO [FileUploaderWithSelenium] : Browser was opened
2023-16-08 20:23:31  ERROR [pages.LoginPage] : Can not open https://loans-dmz.dev.apps.testdmz-avalaunch.aval/gua-tender
2023-16-08 20:23:32   INFO [FileUploaderWithSelenium] : Browser was closed
2023-16-08 20:23:32   INFO [FileUploaderWithSelenium] : -----fileHiddenUploaderWithSelenium was stop ----
2023-16-08 20:24:31   INFO [FileUploaderWithSelenium] : -----fileHiddenUploaderWithSelenium was started ----
2023-16-08 20:24:34   INFO [FileUploaderWithSelenium] : Browser was opened
2023-16-08 20:24:38   INFO [pages.LoginPage] : Page was opened https://loans-dmz.dev.apps.testdmz-avalaunch.aval/gua-tender
2023-16-08 20:24:38   INFO [pages.LoginPage] : Element is displayed
2023-16-08 20:24:38   INFO [FileUploaderWithSelenium] : Send file
2023-16-08 20:24:38   INFO [pages.LoginPage] : Element is displayed
2023-16-08 20:24:38   INFO [pages.LoginPage] : checkIsFileLoadVisible
2023-16-08 20:24:38   INFO [pages.LoginPage] :  element is not displayed
2023-16-08 20:24:39   INFO [FileUploaderWithSelenium] : Browser was closed
2023-16-08 20:24:39   INFO [FileUploaderWithSelenium] : -----fileHiddenUploaderWithSelenium was stop ----
2023-16-08 20:33:15   INFO [FileUploaderWithSelenium] : -----fileHiddenUploaderWithSelenium was started ----
2023-16-08 20:33:18   INFO [FileUploaderWithSelenium] : Browser was opened
2023-16-08 20:33:22   INFO [pages.LoginPage] : Page was opened https://loans-dmz.dev.apps.testdmz-avalaunch.aval/gua-tender
2023-16-08 20:33:22   INFO [pages.LoginPage] : Element is displayed
2023-16-08 20:33:22   INFO [FileUploaderWithSelenium] : Send file
2023-16-08 20:33:22   INFO [pages.LoginPage] : Element is displayed
2023-16-08 20:33:22   INFO [pages.LoginPage] : checkIsFileLoadVisible
2023-16-08 20:33:22   INFO [pages.LoginPage] :  element is not displayed
2023-16-08 20:33:23   INFO [FileUploaderWithSelenium] : Browser was closed
2023-16-08 20:33:23   INFO [FileUploaderWithSelenium] : -----fileHiddenUploaderWithSelenium was stop ----
2023-16-08 20:37:51   INFO [FileUploaderWithSelenium] : -----fileHiddenUploaderWithSelenium was started ----
2023-16-08 20:37:54   INFO [FileUploaderWithSelenium] : Browser was opened
2023-16-08 20:37:58   INFO [pages.LoginPage] : Page was opened https://loans-dmz.dev.apps.testdmz-avalaunch.aval/gua-tender
2023-16-08 20:37:58   INFO [pages.LoginPage] : Element is displayed
2023-16-08 20:37:58   INFO [FileUploaderWithSelenium] : Send file
2023-16-08 20:37:58   INFO [pages.LoginPage] : Element is displayed
2023-16-08 20:37:58   INFO [pages.LoginPage] : checkIsFileLoadVisible
2023-16-08 20:40:50   INFO [FileUploaderWithSelenium] : -----fileHiddenUploaderWithSelenium was started ----
2023-16-08 20:40:54   INFO [FileUploaderWithSelenium] : Browser was opened
2023-16-08 20:40:57   INFO [pages.LoginPage] : Page was opened https://loans-dmz.dev.apps.testdmz-avalaunch.aval/gua-tender
2023-16-08 20:40:57   INFO [pages.LoginPage] : Element is displayed
2023-16-08 20:40:57   INFO [FileUploaderWithSelenium] : Send file
2023-16-08 20:40:57   INFO [pages.LoginPage] : Element is displayed
2023-16-08 20:40:57   INFO [pages.LoginPage] : checkIsFileLoadVisible
2023-16-08 20:40:57   INFO [pages.LoginPage] : Element is displayed
2023-16-08 20:40:58   INFO [pages.LoginPage] : 12345678 was inputted input
2023-16-08 20:40:58   INFO [pages.LoginPage] : Password input
2023-16-08 20:40:58  ERROR [pages.LoginPage] : Can not work with elementjava.lang.NullPointerException: Cannot invoke "org.openqa.selenium.support.ui.WebDriverWait.until(java.util.function.Function)" because "this.webDriverWait10" is null
2023-16-08 20:40:58   INFO [FileUploaderWithSelenium] : Browser was closed
2023-16-08 20:40:58   INFO [FileUploaderWithSelenium] : -----fileHiddenUploaderWithSelenium was stop ----
2023-16-08 20:46:42   INFO [FileUploaderWithSelenium] : -----fileHiddenUploaderWithSelenium was started ----
2023-16-08 20:46:46   INFO [FileUploaderWithSelenium] : Browser was opened
2023-16-08 20:46:50   INFO [pages.LoginPage] : Page was opened https://loans-dmz.dev.apps.testdmz-avalaunch.aval/gua-tender
2023-16-08 20:46:50   INFO [pages.LoginPage] : Element is displayed
2023-16-08 20:46:50   INFO [FileUploaderWithSelenium] : Send file
2023-16-08 20:46:50   INFO [pages.LoginPage] : Element is displayed
2023-16-08 20:46:50   INFO [pages.LoginPage] : checkIsFileLoadVisible
2023-16-08 20:46:50   INFO [pages.LoginPage] : Element is displayed
2023-16-08 20:46:50   INFO [pages.LoginPage] : 12345678 was inputted input
2023-16-08 20:46:50   INFO [pages.LoginPage] : Password input
2023-16-08 20:46:51   INFO [pages.LoginPage] : Element is displayed
2023-16-08 20:46:51   INFO [pages.LoginPage] : signInVisible
2023-16-08 20:46:51  ERROR [pages.LoginPage] : Can not work with elementjava.lang.NullPointerException: Cannot invoke "org.openqa.selenium.support.ui.WebDriverWait.until(java.util.function.Function)" because "this.webDriverWait10" is null
2023-16-08 20:46:51   INFO [FileUploaderWithSelenium] : Browser was closed
2023-16-08 20:46:51   INFO [FileUploaderWithSelenium] : -----fileHiddenUploaderWithSelenium was stop ----
2023-16-08 20:49:02   INFO [FileUploaderWithSelenium] : -----fileHiddenUploaderWithSelenium was started ----
2023-16-08 20:49:05   INFO [FileUploaderWithSelenium] : Browser was opened
2023-16-08 20:49:09   INFO [pages.LoginPage] : Page was opened https://loans-dmz.dev.apps.testdmz-avalaunch.aval/gua-tender
2023-16-08 20:49:09   INFO [pages.LoginPage] : Element is displayed
2023-16-08 20:49:09   INFO [FileUploaderWithSelenium] : Send file
2023-16-08 20:49:09   INFO [pages.LoginPage] : Element is displayed
2023-16-08 20:49:09   INFO [pages.LoginPage] : checkIsFileLoadVisible
2023-16-08 20:49:09   INFO [pages.LoginPage] : Element is displayed
2023-16-08 20:49:10   INFO [pages.LoginPage] : 12345678 was inputted input
2023-16-08 20:49:10   INFO [pages.LoginPage] : Password input
2023-16-08 20:49:10   INFO [pages.LoginPage] : Element is displayed
2023-16-08 20:49:10   INFO [pages.LoginPage] : signInVisible
2023-16-08 20:49:10  ERROR [pages.LoginPage] : Can not work with elementjava.lang.NullPointerException: Cannot invoke "org.openqa.selenium.support.ui.WebDriverWait.until(java.util.function.Function)" because "this.webDriverWait10" is null
2023-16-08 20:49:10   INFO [FileUploaderWithSelenium] : Browser was closed
2023-16-08 20:49:10   INFO [FileUploaderWithSelenium] : -----fileHiddenUploaderWithSelenium was stop ----
2023-16-08 20:51:26   INFO [FileUploaderWithSelenium] : -----fileHiddenUploaderWithSelenium was started ----
2023-16-08 20:51:30   INFO [FileUploaderWithSelenium] : Browser was opened
2023-16-08 20:51:35   INFO [pages.LoginPage] : Page was opened https://loans-dmz.dev.apps.testdmz-avalaunch.aval/gua-tender
2023-16-08 20:51:35   INFO [pages.LoginPage] : Element is displayed
2023-16-08 20:51:35   INFO [FileUploaderWithSelenium] : Send file
2023-16-08 20:51:35   INFO [pages.LoginPage] : Element is displayed
2023-16-08 20:51:35   INFO [pages.LoginPage] : checkIsFileLoadVisible
2023-16-08 20:51:36   INFO [pages.LoginPage] : Element is displayed
2023-16-08 20:51:36   INFO [pages.LoginPage] : 12345678 was inputted input
2023-16-08 20:51:36   INFO [pages.LoginPage] : Password input
2023-16-08 20:51:36   INFO [pages.LoginPage] : Element is displayed
2023-16-08 20:51:36   INFO [pages.LoginPage] : signInVisible
2023-16-08 20:51:36  ERROR [pages.LoginPage] : Can not work with elementjava.lang.NullPointerException: Cannot invoke "org.openqa.selenium.support.ui.WebDriverWait.until(java.util.function.Function)" because "this.webDriverWait10" is null
2023-16-08 20:51:36   INFO [FileUploaderWithSelenium] : Browser was closed
2023-16-08 20:51:36   INFO [FileUploaderWithSelenium] : -----fileHiddenUploaderWithSelenium was stop ----
2023-17-08 11:35:10   INFO [FileUploaderWithSelenium] : -----fileHiddenUploaderWithSelenium was started ----
2023-17-08 11:35:15   INFO [FileUploaderWithSelenium] : Browser was opened
2023-17-08 11:35:15  ERROR [pages.LoginPage] : Can not open https://loans-dmz.dev.apps.testdmz-avalaunch.aval/gua-tender
2023-17-08 11:35:16   INFO [FileUploaderWithSelenium] : Browser was closed
2023-17-08 11:35:16   INFO [FileUploaderWithSelenium] : -----fileHiddenUploaderWithSelenium was stop ----
2023-17-08 16:37:30   INFO [FileUploaderWithSelenium] : -----fileHiddenUploaderWithSelenium was started ----
2023-17-08 16:37:33   INFO [FileUploaderWithSelenium] : Browser was opened
2023-17-08 16:37:34  ERROR [pages.LoginPage] : Can not open https://loans-dmz.dev.apps.testdmz-avalaunch.aval/gua-tender
2023-17-08 16:37:34   INFO [FileUploaderWithSelenium] : Browser was closed
2023-17-08 16:37:34   INFO [FileUploaderWithSelenium] : -----fileHiddenUploaderWithSelenium was stop ----
2023-17-08 16:38:39   INFO [FileUploaderWithSelenium] : -----fileHiddenUploaderWithSelenium was started ----
2023-17-08 16:38:43   INFO [FileUploaderWithSelenium] : Browser was opened
2023-17-08 16:38:46   INFO [pages.LoginPage] : Page was opened https://loans-dmz.dev.apps.testdmz-avalaunch.aval/gua-tender
2023-17-08 16:38:46   INFO [pages.LoginPage] : Element is displayed
2023-17-08 16:38:46   INFO [FileUploaderWithSelenium] : Send file
2023-17-08 16:38:47   INFO [pages.LoginPage] : Element is displayed
2023-17-08 16:38:47   INFO [pages.LoginPage] : checkIsFileLoadVisible
2023-17-08 16:38:47   INFO [pages.LoginPage] : Element is displayed
2023-17-08 16:38:47   INFO [pages.LoginPage] : 12345678 was inputted input
2023-17-08 16:38:47   INFO [pages.LoginPage] : Password input
2023-17-08 16:38:47   INFO [pages.LoginPage] : Element is displayed
2023-17-08 16:38:47   INFO [pages.LoginPage] : signInVisible
2023-17-08 16:38:47   INFO [pages.LoginPage] :  element was clicked
2023-17-08 16:41:47   INFO [pages.LoginPage] :  element is not displayed
2023-17-08 16:41:48   INFO [FileUploaderWithSelenium] : Browser was closed
2023-17-08 16:41:48   INFO [FileUploaderWithSelenium] : -----fileHiddenUploaderWithSelenium was stop ----
2023-17-08 16:43:55   INFO [FileUploaderWithSelenium] : -----fileHiddenUploaderWithSelenium was started ----
2023-17-08 16:44:00   INFO [FileUploaderWithSelenium] : Browser was opened
2023-17-08 16:44:04   INFO [pages.LoginPage] : Page was opened https://loans-dmz.dev.apps.testdmz-avalaunch.aval/gua-tender
2023-17-08 16:44:04   INFO [pages.LoginPage] : Element is displayed
2023-17-08 16:44:04   INFO [FileUploaderWithSelenium] : Send file
2023-17-08 16:44:04   INFO [pages.LoginPage] : Element is displayed
2023-17-08 16:44:04   INFO [pages.LoginPage] : checkIsFileLoadVisible
2023-17-08 16:44:04   INFO [pages.LoginPage] : Element is displayed
2023-17-08 16:44:04   INFO [pages.LoginPage] : 12345678 was inputted input
2023-17-08 16:44:04   INFO [pages.LoginPage] : Password input
2023-17-08 16:44:04   INFO [pages.LoginPage] : Element is displayed
2023-17-08 16:44:04   INFO [pages.LoginPage] : signInVisible
2023-17-08 16:44:04   INFO [pages.LoginPage] :  element was clicked
2023-17-08 16:47:04   INFO [pages.LoginPage] :  element is not displayed
2023-17-08 16:47:05   INFO [FileUploaderWithSelenium] : Browser was closed
2023-17-08 16:47:05   INFO [FileUploaderWithSelenium] : -----fileHiddenUploaderWithSelenium was stop ----
2023-18-08 10:34:54   INFO [LoginWithUploadFile] : -----fileHiddenUploaderWithSelenium was started ----
2023-18-08 10:34:58   INFO [LoginWithUploadFile] : Browser was opened
2023-18-08 10:35:03   INFO [pages.LoginPage] : Page was opened https://loans-dmz.dev.apps.testdmz-avalaunch.aval/gua-tender
2023-18-08 10:35:03   INFO [pages.LoginPage] : Element is displayed
2023-18-08 10:35:03   INFO [LoginWithUploadFile] : Send file
2023-18-08 10:35:03   INFO [pages.LoginPage] : Element is displayed
2023-18-08 10:35:03   INFO [pages.LoginPage] : checkIsFileLoadVisible
2023-18-08 10:35:03   INFO [pages.LoginPage] : Element is displayed
2023-18-08 10:35:03   INFO [pages.LoginPage] : 12345678 was inputted input
2023-18-08 10:35:03   INFO [pages.LoginPage] : Password input
2023-18-08 10:35:03   INFO [pages.LoginPage] : Element is displayed
2023-18-08 10:35:03   INFO [pages.LoginPage] : signInVisible
2023-18-08 10:35:03   INFO [pages.LoginPage] :  element was clicked
2023-18-08 10:38:03   INFO [pages.LoginPage] :  element is not displayed
2023-18-08 10:38:04   INFO [LoginWithUploadFile] : Browser was closed
2023-18-08 10:38:04   INFO [LoginWithUploadFile] : -----fileHiddenUploaderWithSelenium was stop ----
2023-18-08 10:46:34   INFO [LoginWithUploadFile] : -----fileHiddenUploaderWithSelenium was started ----
2023-18-08 10:46:37   INFO [LoginWithUploadFile] : Browser was opened
2023-18-08 10:46:40   INFO [pages.LoginPage] : Page was opened https://loans-dmz.dev.apps.testdmz-avalaunch.aval/gua-tender
2023-18-08 10:46:41   INFO [pages.LoginPage] : Element is displayed
2023-18-08 10:46:41   INFO [LoginWithUploadFile] : Send file
2023-18-08 10:46:41   INFO [pages.LoginPage] : Element is displayed
2023-18-08 10:46:41   INFO [pages.LoginPage] : checkIsFileLoadVisible
2023-18-08 10:46:41   INFO [pages.LoginPage] : Element is displayed
2023-18-08 10:46:41   INFO [pages.LoginPage] : 12345678 was inputted input
2023-18-08 10:46:41   INFO [pages.LoginPage] : Password input
2023-18-08 10:46:41   INFO [pages.LoginPage] : Element is displayed
2023-18-08 10:46:41   INFO [pages.LoginPage] : signInVisible
2023-18-08 10:46:41   INFO [pages.LoginPage] :  element was clicked
2023-18-08 10:49:41   INFO [pages.LoginPage] :  element is not displayed
2023-18-08 10:49:42   INFO [LoginWithUploadFile] : Browser was closed
2023-18-08 10:49:42   INFO [LoginWithUploadFile] : -----fileHiddenUploaderWithSelenium was stop ----
2023-18-08 11:53:07   INFO [LoginWithUploadFile] : -----fileHiddenUploaderWithSelenium was started ----
2023-18-08 11:53:10   INFO [LoginWithUploadFile] : Browser was opened
2023-18-08 11:53:15   INFO [pages.LoginPage] : Page was opened https://loans-dmz.dev.apps.testdmz-avalaunch.aval/gua-tender
2023-18-08 11:53:15   INFO [pages.LoginPage] : Element is displayed
2023-18-08 11:53:15   INFO [LoginWithUploadFile] : Send file
2023-18-08 11:53:15   INFO [pages.LoginPage] : Element is displayed
2023-18-08 11:53:15   INFO [pages.LoginPage] : checkIsFileLoadVisible
2023-18-08 11:53:16   INFO [pages.LoginPage] : Element is displayed
2023-18-08 11:53:16   INFO [pages.LoginPage] : 12345678 was inputted input
2023-18-08 11:53:16   INFO [pages.LoginPage] : Password input
2023-18-08 11:53:16   INFO [pages.LoginPage] : Element is displayed
2023-18-08 11:53:16   INFO [pages.LoginPage] : signInVisible
2023-18-08 11:53:16   INFO [pages.LoginPage] :  element was clicked
2023-21-08 09:43:31   INFO [LoginWithUploadFile] : -----fileHiddenUploaderWithSelenium was started ----
2023-21-08 10:13:08   INFO [LoginWithUploadFile] : -----fileHiddenUploaderWithSelenium was started ----
2023-21-08 10:17:54   INFO [LoginWithUploadFile] : -----fileHiddenUploaderWithSelenium was started ----
2023-21-08 10:47:30   INFO [LoginWithUploadFile] : -----fileHiddenUploaderWithSelenium was started ----
2023-21-08 10:51:51   INFO [LoginWithUploadFile] : -----fileHiddenUploaderWithSelenium was started ----
2023-21-08 10:51:54   INFO [LoginWithUploadFile] : Browser was opened
2023-21-08 10:51:58   INFO [pages.LoginPage] : Page was opened https://loans-dmz.dev.apps.testdmz-avalaunch.aval/gua-tender
2023-21-08 10:51:59   INFO [pages.LoginPage] : Element is displayed
2023-21-08 10:51:59   INFO [LoginWithUploadFile] : Send file
2023-21-08 10:51:59   INFO [pages.LoginPage] : Element is displayed
2023-21-08 10:51:59   INFO [pages.LoginPage] : checkIsFileLoadVisible
2023-21-08 10:51:59   INFO [pages.LoginPage] : Element is displayed
2023-21-08 10:51:59   INFO [pages.LoginPage] : 12345678 was inputted input
2023-21-08 10:51:59   INFO [pages.LoginPage] : Password input
2023-21-08 10:51:59   INFO [pages.LoginPage] : Element is displayed
2023-21-08 10:51:59   INFO [pages.LoginPage] : signInVisible
2023-21-08 10:51:59   INFO [pages.LoginPage] :  element was clicked
2023-21-08 10:54:59   INFO [pages.LoginPage] :  element is not displayed
2023-21-08 10:55:00   INFO [LoginWithUploadFile] : Browser was closed
2023-21-08 10:55:00   INFO [LoginWithUploadFile] : -----fileHiddenUploaderWithSelenium was stop ----
2023-22-08 11:19:05   INFO [LoginWithUploadFile] : -----validLogin was started ----
2023-22-08 11:19:14   INFO [LoginWithUploadFile] : Browser was opened
2023-22-08 11:19:22   INFO [pages.LoginPage] : Page was opened https://loans-dmz.dev.apps.testdmz-avalaunch.aval/gua-tender
2023-22-08 11:19:23   INFO [pages.LoginPage] :  element is displayed
2023-22-08 11:19:23   INFO [LoginWithUploadFile] : Send file
2023-22-08 11:19:23   INFO [pages.LoginPage] :  element is displayed
2023-22-08 11:19:23   INFO [pages.LoginPage] : checkIsFileLoadVisible
2023-22-08 11:19:23   INFO [pages.LoginPage] : ****** element is displayed
2023-22-08 11:19:24   INFO [pages.LoginPage] : 12345678 was inputted ******
2023-22-08 11:19:24   INFO [pages.LoginPage] : Password input
2023-22-08 11:19:24   INFO [pages.LoginPage] :  element is displayed
2023-22-08 11:19:24   INFO [pages.LoginPage] : signInVisible
2023-22-08 11:19:24   INFO [pages.LoginPage] :  element was clicked
2023-22-08 11:22:24   INFO [pages.LoginPage] :  element is not displayed
2023-22-08 11:25:24   INFO [pages.LoginPage] :  element is not displayed
2023-22-08 17:08:01   INFO [LoginRBOWithUploadFile] : -----validLogin was started ----
2023-22-08 17:08:08   INFO [LoginRBOWithUploadFile] : Browser was opened
2023-22-08 17:08:14   INFO [pages.LoginPage] : Page was opened https://loans-dmz.dev.apps.testdmz-avalaunch.aval/gua-tender
2023-22-08 17:08:14   INFO [pages.LoginPage] :  element is displayed
2023-22-08 17:08:55   INFO [LoginWithUploadFile] : -----validLogin was started ----
2023-22-08 17:08:59   INFO [LoginWithUploadFile] : Browser was opened
2023-22-08 17:09:04   INFO [pages.LoginPage] : Page was opened https://loans-dmz.dev.apps.testdmz-avalaunch.aval/gua-tender
2023-22-08 17:09:04   INFO [pages.LoginPage] :  element is displayed
2023-22-08 17:09:05   INFO [LoginWithUploadFile] : Send file
2023-22-08 17:09:05   INFO [pages.LoginPage] :  element is displayed
2023-22-08 17:09:05   INFO [pages.LoginPage] : checkIsFileLoadVisible
2023-22-08 17:09:05   INFO [pages.LoginPage] : ****** element is displayed
2023-22-08 17:09:05   INFO [pages.LoginPage] : 12345678 was inputted ******
2023-22-08 17:09:05   INFO [pages.LoginPage] : Password input
2023-22-08 17:09:05   INFO [pages.LoginPage] :  element is displayed
2023-22-08 17:09:05   INFO [pages.LoginPage] : signInVisible
2023-22-08 17:09:05   INFO [pages.LoginPage] :  element was clicked
2023-22-08 17:12:06   INFO [pages.LoginPage] :  element is not displayed
2023-22-08 17:12:06   INFO [pages.LoginPage] :  element is displayed
2023-22-08 17:26:24   INFO [LoginWithUploadFile] : -----validLogin was started ----
2023-22-08 17:26:28   INFO [LoginWithUploadFile] : Browser was opened
2023-22-08 17:26:33   INFO [pages.LoginPage] : Page was opened https://loans-dmz.dev.apps.testdmz-avalaunch.aval/gua-tender
2023-22-08 17:26:33   INFO [pages.LoginPage] : LoginFile element is displayed
2023-22-08 17:26:33   INFO [LoginWithUploadFile] : Send file
2023-22-08 17:26:33   INFO [pages.LoginPage] : LoginNameFile element is displayed
2023-22-08 17:26:33   INFO [pages.LoginPage] : checkIsFileLoadVisible
2023-22-08 17:26:33   INFO [pages.LoginPage] : Password element is displayed
2023-22-08 17:26:34   INFO [pages.LoginPage] : 12345678 was inputted ******
2023-22-08 17:26:34   INFO [pages.LoginPage] : Password input
2023-22-08 17:26:34   INFO [pages.LoginPage] : SignIn element is displayed
2023-22-08 17:26:34   INFO [pages.LoginPage] : signInVisible
2023-22-08 17:26:34   INFO [pages.LoginPage] :  element was clicked
2023-22-08 17:27:34   INFO [pages.LoginPage] : checkBoxRob element is not displayed
2023-22-08 17:27:34   INFO [pages.LoginPage] : Step1 element is displayed
2023-22-08 18:42:43   INFO [LoginRBOWithUploadFile] : -----validLogin was started ----
2023-22-08 18:42:48   INFO [LoginRBOWithUploadFile] : Browser was opened
2023-22-08 18:42:49   INFO [pages.LoginPage] : Page was opened https://rbo-dev.avrb.com.ua/ibank/dashboard?3
2023-22-08 18:42:53   INFO [pages.LoginPage] : LabelFile element is displayed
2023-22-08 18:42:53   INFO [LoginRBOWithUploadFile] : Send file
2023-22-08 18:42:53   INFO [pages.LoginPage] : LabelFileLogin element is displayed
2023-22-08 18:42:53   INFO [pages.LoginPage] : Password element is displayed
2023-22-08 18:43:53  ERROR [pages.LoginPage] : Can not work with elementorg.openqa.selenium.ElementNotInteractableException: element not interactable
  (Session info: MicrosoftEdge=115.0.1901.203)
Build info: version: '4.8.3', revision: 'e5e76298c3'
System info: os.name: 'Windows 10', os.arch: 'amd64', os.version: '10.0', java.version: '15.0.10'
Driver info: org.openqa.selenium.edge.EdgeDriver
Command: [3d841e279f5534fd3b13444972fa13a4, clearElement {id=B0B0332AD772ED05D70182497354D3FD_element_24}]
Capabilities {acceptInsecureCerts: false, browserName: msedge, browserVersion: 115.0.1901.203, ms:edgeOptions: {debuggerAddress: localhost:53419}, msedge: {msedgedriverVersion: 115.0.1901.203 (a5a2b1779bc..., userDataDir: C:\Users\iuad1b2k\AppData\L...}, networkConnectionEnabled: false, pageLoadStrategy: normal, platformName: WINDOWS, proxy: Proxy(), se:cdp: ws://localhost:53419/devtoo..., se:cdpVersion: 115.0.1901.203, setWindowRect: true, strictFileInteractability: false, timeouts: {implicit: 0, pageLoad: 300000, script: 30000}, unhandledPromptBehavior: dismiss and notify, webauthn:extension:credBlob: true, webauthn:extension:largeBlob: true, webauthn:extension:minPinLength: true, webauthn:extension:prf: true, webauthn:virtualAuthenticators: true}
Element: [[EdgeDriver: msedge on WINDOWS (3d841e279f5534fd3b13444972fa13a4)] -> xpath: .//input [@type='password']]
Session ID: 3d841e279f5534fd3b13444972fa13a4
2023-22-08 18:54:28   INFO [LoginRBOWithUploadFile] : -----validLogin was started ----
2023-22-08 18:54:32   INFO [LoginRBOWithUploadFile] : Browser was opened
2023-22-08 18:54:33   INFO [pages.LoginPage] : Page was opened https://rbo-dev.avrb.com.ua/ibank/dashboard?3
2023-22-08 18:54:36   INFO [pages.LoginPage] : LabelFile element is displayed
2023-22-08 18:54:36   INFO [LoginRBOWithUploadFile] : Send file
2023-22-08 18:54:36   INFO [pages.LoginPage] : LabelFileLogin element is displayed
2023-22-08 18:54:36   INFO [pages.LoginPage] : Password element is displayed
2023-22-08 18:54:36   INFO [pages.LoginPage] : Qwerty_123 was inputted Введіть пароль
2023-22-08 18:55:36   INFO [pages.LoginPage] : SignIn element is not displayed
2023-22-08 18:58:17   INFO [LoginRBOWithUploadFile] : -----validLogin was started ----
2023-22-08 18:58:21   INFO [LoginRBOWithUploadFile] : Browser was opened
2023-22-08 18:58:22   INFO [pages.LoginPage] : Page was opened https://rbo-dev.avrb.com.ua/ibank/dashboard?3
2023-22-08 18:58:25   INFO [pages.LoginPage] : LabelFile element is displayed
2023-22-08 18:58:25   INFO [LoginRBOWithUploadFile] : Send file
2023-22-08 18:58:25   INFO [pages.LoginPage] : LabelFileLogin element is displayed
2023-22-08 18:58:25   INFO [pages.LoginPage] : Password element is displayed
2023-22-08 18:58:25   INFO [pages.LoginPage] : Qwerty_123 was inputted Введіть пароль
2023-22-08 18:58:25   INFO [pages.LoginPage] : SignIn element is displayed
2023-22-08 19:04:08   INFO [LoginWithUploadFile] : -----validLogin was started ----
2023-22-08 19:04:12   INFO [LoginWithUploadFile] : Browser was opened
2023-22-08 19:04:17   INFO [pages.LoginPage] : Page was opened https://loans-dmz.dev.apps.testdmz-avalaunch.aval/gua-tender
2023-22-08 19:04:17   INFO [pages.LoginPage] : LoginFile element is displayed
2023-22-08 19:04:17   INFO [LoginWithUploadFile] : Send file
2023-22-08 19:04:17   INFO [pages.LoginPage] : LoginNameFile element is displayed
2023-22-08 19:04:17   INFO [pages.LoginPage] : checkIsFileLoadVisible
2023-22-08 19:04:17   INFO [pages.LoginPage] : Password element is displayed
2023-22-08 19:04:18   INFO [pages.LoginPage] : 12345678 was inputted ******
2023-22-08 19:04:18   INFO [pages.LoginPage] : SignIn element is displayed
2023-22-08 19:04:18   INFO [pages.LoginPage] : signInVisible
2023-22-08 19:04:18   INFO [pages.LoginPage] : SignIn element was clicked
2023-22-08 19:05:17   INFO [LoginRBOWithUploadFile] : -----validLogin was started ----
2023-22-08 19:05:18   INFO [pages.LoginPage] : checkBoxRob element is not displayed
2023-22-08 19:05:18   INFO [pages.LoginPage] : Step1 element is displayed
2023-22-08 19:05:21   INFO [LoginRBOWithUploadFile] : Browser was opened
2023-22-08 19:05:23   INFO [pages.LoginPage] : Page was opened https://rbo-dev.avrb.com.ua/ibank/dashboard?3
2023-22-08 19:05:26   INFO [pages.LoginPage] : LabelFile element is displayed
2023-22-08 19:05:26   INFO [LoginRBOWithUploadFile] : Send file
2023-22-08 19:05:27   INFO [pages.LoginPage] : LabelFileLogin element is displayed
2023-22-08 19:05:27   INFO [pages.LoginPage] : Password element is displayed
2023-22-08 19:05:27   INFO [pages.LoginPage] : Qwerty_123 was inputted Введіть пароль
2023-22-08 19:05:27   INFO [pages.LoginPage] : SignIn element is displayed
2023-22-08 19:05:27   INFO [pages.LoginPage] : SignIn element was clicked
2023-24-08 17:50:30   INFO [LoginWithUploadFile] : -----inValidLoginPassword was started ----
2023-24-08 17:50:34   INFO [LoginWithUploadFile] : Browser was opened
2023-24-08 17:50:41   INFO [pages.LoginPage] : Page was opened https://loans-dmz.dev.apps.testdmz-avalaunch.aval/gua-tender
2023-24-08 17:50:41   INFO [pages.LoginPage] : LoginFile element is displayed
2023-24-08 17:50:41   INFO [LoginWithUploadFile] : Send file
2023-24-08 17:50:41   INFO [pages.LoginPage] : LoginNameFile element is displayed
2023-24-08 17:50:41   INFO [pages.LoginPage] : checkIsFileLoadVisible
2023-24-08 17:50:41   INFO [pages.LoginPage] : Password element is displayed
2023-24-08 17:50:41   INFO [pages.LoginPage] : 123 was inputted ******
2023-24-08 17:50:41   INFO [pages.LoginPage] : SignIn element is displayed
2023-24-08 17:50:41   INFO [pages.LoginPage] : SignIn element was clicked
2023-24-08 17:50:42   INFO [pages.LoginPage] : Ключ пошкоджено або невірний пароль. element is displayed
2023-24-08 17:50:42   INFO [LoginWithUploadFile] : Browser was closed
2023-24-08 17:50:42   INFO [LoginWithUploadFile] : -----inValidLoginPassword was stop ----
2023-24-08 17:54:12   INFO [LoginWithUploadFile] : -----validLogin was started ----
2023-24-08 17:54:16   INFO [LoginWithUploadFile] : Browser was opened
2023-24-08 17:54:22   INFO [pages.LoginPage] : Page was opened https://loans-dmz.dev.apps.testdmz-avalaunch.aval/gua-tender
2023-24-08 17:54:22   INFO [pages.LoginPage] : LoginFile element is displayed
2023-24-08 17:54:22   INFO [LoginWithUploadFile] : Send file
2023-24-08 17:54:22   INFO [pages.LoginPage] : LoginNameFile element is displayed
2023-24-08 17:54:22   INFO [pages.LoginPage] : checkIsFileLoadVisible
2023-24-08 17:54:22   INFO [pages.LoginPage] : Password element is displayed
2023-24-08 17:54:22   INFO [pages.LoginPage] : 12345678 was inputted ******
2023-24-08 17:54:22   INFO [pages.LoginPage] : SignIn element is displayed
2023-24-08 17:54:23   INFO [pages.LoginPage] : SignIn element was clicked
2023-24-08 17:55:23   INFO [pages.LoginPage] : checkBoxRob element is not displayed
2023-24-08 17:56:23   INFO [pages.LoginPage] : Step1 element is not displayed
2023-24-08 17:56:23   INFO [LoginWithUploadFile] : Browser was closed
2023-24-08 17:56:23   INFO [LoginWithUploadFile] : -----validLogin was stop ----
2023-24-08 17:56:23   INFO [LoginWithUploadFile] : -----inValidLoginPassword was started ----
2023-24-08 17:56:26   INFO [LoginWithUploadFile] : Browser was opened
2023-24-08 17:56:33   INFO [pages.LoginPage] : Page was opened https://loans-dmz.dev.apps.testdmz-avalaunch.aval/gua-tender
2023-24-08 17:56:33   INFO [pages.LoginPage] : LoginFile element is displayed
2023-24-08 17:56:33   INFO [LoginWithUploadFile] : Send file
2023-24-08 17:56:33   INFO [pages.LoginPage] : LoginNameFile element is displayed
2023-24-08 17:56:33   INFO [pages.LoginPage] : checkIsFileLoadVisible
2023-24-08 17:56:33   INFO [pages.LoginPage] : Password element is displayed
2023-24-08 17:56:33   INFO [pages.LoginPage] : 123 was inputted ******
2023-24-08 17:56:34   INFO [pages.LoginPage] : SignIn element is displayed
2023-24-08 17:56:34   INFO [pages.LoginPage] : SignIn element was clicked
2023-24-08 17:56:34   INFO [pages.LoginPage] : Ключ пошкоджено або невірний пароль. element is displayed
2023-24-08 17:56:35   INFO [LoginWithUploadFile] : Browser was closed
2023-24-08 17:56:35   INFO [LoginWithUploadFile] : -----inValidLoginPassword was stop ----
2023-25-08 17:53:56   INFO [LoginWithUploadFile] : -----validLogin was started ----
2023-25-08 17:54:02   INFO [LoginWithUploadFile] : Browser was opened
2023-25-08 17:54:07   INFO [pages.LoginPage] : Page was opened https://loans-dmz.dev.apps.testdmz-avalaunch.aval/gua-tender
2023-25-08 17:54:08   INFO [pages.LoginPage] : LoginFile element is displayed
2023-25-08 17:54:08   INFO [LoginWithUploadFile] : Send file
2023-25-08 17:54:08   INFO [pages.LoginPage] : LoginNameFile element is displayed
2023-25-08 17:54:08   INFO [pages.LoginPage] : checkIsFileLoadVisible
2023-25-08 17:54:08   INFO [pages.LoginPage] : Password element is displayed
2023-25-08 17:54:08   INFO [pages.LoginPage] : 12345678 was inputted ******
2023-25-08 17:54:08   INFO [pages.LoginPage] : SignIn element is displayed
2023-25-08 17:54:09   INFO [pages.LoginPage] : SignIn element was clicked
2023-25-08 17:55:09   INFO [pages.LoginPage] : checkBoxRob element is not displayed
2023-25-08 17:56:09   INFO [pages.LoginPage] : Step1 element is not displayed
2023-25-08 17:56:10   INFO [LoginWithUploadFile] : Browser was closed
2023-25-08 17:56:10   INFO [LoginWithUploadFile] : -----validLogin was stop ----
2023-25-08 17:56:10   INFO [LoginWithUploadFile] : -----inValidLoginPassword was started ----
2023-25-08 17:56:12   INFO [LoginWithUploadFile] : Browser was opened
2023-25-08 17:56:16   INFO [pages.LoginPage] : Page was opened https://loans-dmz.dev.apps.testdmz-avalaunch.aval/gua-tender
2023-25-08 17:56:16   INFO [pages.LoginPage] : LoginFile element is displayed
2023-25-08 17:56:16   INFO [LoginWithUploadFile] : Send file
2023-25-08 17:56:16   INFO [pages.LoginPage] : LoginNameFile element is displayed
2023-25-08 17:56:16   INFO [pages.LoginPage] : checkIsFileLoadVisible
2023-25-08 17:56:16   INFO [pages.LoginPage] : Password element is displayed
2023-25-08 17:56:17   INFO [pages.LoginPage] : 123 was inputted ******
2023-25-08 17:56:17   INFO [pages.LoginPage] : SignIn element is displayed
2023-25-08 17:56:17   INFO [pages.LoginPage] : SignIn element was clicked
2023-25-08 17:56:17   INFO [pages.LoginPage] : Ключ пошкоджено або невірний пароль. element is displayed
2023-25-08 17:56:18   INFO [LoginWithUploadFile] : Browser was closed
2023-25-08 17:56:18   INFO [LoginWithUploadFile] : -----inValidLoginPassword was stop ----
2023-25-08 17:57:02   INFO [LoginWithUploadFile] : -----validLogin was started ----
2023-25-08 17:57:08   INFO [LoginWithUploadFile] : -----validLogin was started ----
2023-25-08 17:57:12   INFO [LoginWithUploadFile] : Browser was opened
2023-25-08 17:57:17   INFO [pages.LoginPage] : Page was opened https://loans-dmz.dev.apps.testdmz-avalaunch.aval/gua-tender
2023-25-08 17:57:17   INFO [pages.LoginPage] : LoginFile element is displayed
2023-25-08 17:57:17   INFO [LoginWithUploadFile] : Send file
2023-25-08 17:57:17   INFO [pages.LoginPage] : LoginNameFile element is displayed
2023-25-08 17:57:17   INFO [pages.LoginPage] : checkIsFileLoadVisible
2023-25-08 17:57:17   INFO [pages.LoginPage] : Password element is displayed
2023-25-08 17:57:18   INFO [pages.LoginPage] : 12345678 was inputted ******
2023-25-08 17:57:18   INFO [pages.LoginPage] : SignIn element is displayed
2023-25-08 17:57:18   INFO [pages.LoginPage] : SignIn element was clicked
2023-25-08 17:58:18   INFO [pages.LoginPage] : checkBoxRob element is not displayed
2023-25-08 17:58:19   INFO [LoginWithUploadFile] : Browser was closed
2023-25-08 17:58:19   INFO [LoginWithUploadFile] : -----validLogin was stop ----
2023-25-08 17:58:19   INFO [LoginWithUploadFile] : -----inValidLoginPassword was started ----
2023-25-08 17:58:21   INFO [LoginWithUploadFile] : Browser was opened
2023-25-08 17:58:25   INFO [pages.LoginPage] : Page was opened https://loans-dmz.dev.apps.testdmz-avalaunch.aval/gua-tender
2023-25-08 17:58:25   INFO [pages.LoginPage] : LoginFile element is displayed
2023-25-08 17:58:25   INFO [LoginWithUploadFile] : Send file
2023-25-08 17:58:25   INFO [pages.LoginPage] : LoginNameFile element is displayed
2023-25-08 17:58:25   INFO [pages.LoginPage] : checkIsFileLoadVisible
2023-25-08 17:58:25   INFO [pages.LoginPage] : Password element is displayed
2023-25-08 17:58:25   INFO [pages.LoginPage] : 123 was inputted ******
2023-25-08 17:58:25   INFO [pages.LoginPage] : SignIn element is displayed
2023-25-08 17:58:25   INFO [pages.LoginPage] : SignIn element was clicked
2023-25-08 17:58:26   INFO [pages.LoginPage] : Ключ пошкоджено або невірний пароль. element is displayed
2023-25-08 17:58:27   INFO [LoginWithUploadFile] : Browser was closed
2023-25-08 17:58:27   INFO [LoginWithUploadFile] : -----inValidLoginPassword was stop ----
2023-25-08 18:04:24   INFO [LoginWithUploadFile] : -----validLogin was started ----
2023-25-08 18:04:29   INFO [LoginWithUploadFile] : Browser was opened
2023-25-08 18:04:35   INFO [pages.LoginPage] : Page was opened https://loans-dmz.dev.apps.testdmz-avalaunch.aval/gua-tender
2023-25-08 18:04:35   INFO [pages.LoginPage] : LoginFile element is displayed
2023-25-08 18:04:35   INFO [LoginWithUploadFile] : Send file
2023-25-08 18:04:35   INFO [pages.LoginPage] : LoginNameFile element is displayed
2023-25-08 18:04:35   INFO [pages.LoginPage] : checkIsFileLoadVisible
2023-25-08 18:04:35   INFO [pages.LoginPage] : Password element is displayed
2023-25-08 18:04:35   INFO [pages.LoginPage] : 12345678 was inputted ******
2023-25-08 18:04:35   INFO [pages.LoginPage] : SignIn element is displayed
2023-25-08 18:04:35   INFO [pages.LoginPage] : SignIn element was clicked
2023-25-08 18:05:35   INFO [pages.LoginPage] : checkBoxRob element is not displayed
2023-25-08 18:05:36   INFO [LoginWithUploadFile] : Browser was closed
2023-25-08 18:05:36   INFO [LoginWithUploadFile] : -----validLogin was stop ----
2023-25-08 18:05:36   INFO [LoginWithUploadFile] : -----inValidLoginPassword was started ----
2023-25-08 18:05:39   INFO [LoginWithUploadFile] : Browser was opened
2023-25-08 18:05:47   INFO [pages.LoginPage] : Page was opened https://loans-dmz.dev.apps.testdmz-avalaunch.aval/gua-tender
2023-25-08 18:05:47   INFO [pages.LoginPage] : LoginFile element is displayed
2023-25-08 18:05:47   INFO [LoginWithUploadFile] : Send file
2023-25-08 18:05:47   INFO [pages.LoginPage] : LoginNameFile element is displayed
2023-25-08 18:05:47   INFO [pages.LoginPage] : checkIsFileLoadVisible
2023-25-08 18:05:47   INFO [pages.LoginPage] : Password element is displayed
2023-25-08 18:05:47   INFO [pages.LoginPage] : 123 was inputted ******
2023-25-08 18:05:47   INFO [pages.LoginPage] : SignIn element is displayed
2023-25-08 18:05:47   INFO [pages.LoginPage] : SignIn element was clicked
2023-25-08 18:05:48   INFO [pages.LoginPage] : Ключ пошкоджено або невірний пароль. element is displayed
2023-25-08 18:05:49   INFO [LoginWithUploadFile] : Browser was closed
2023-25-08 18:05:49   INFO [LoginWithUploadFile] : -----inValidLoginPassword was stop ----
2023-25-08 18:07:23   INFO [LoginRBOWithUploadFile] : -----validLogin was started ----
2023-25-08 18:07:27   INFO [LoginRBOWithUploadFile] : Browser was opened
2023-25-08 18:07:29   INFO [pages.LoginPageRBO] : Page was opened https://rbo-dev.avrb.com.ua/ibank/home?0
2023-25-08 18:07:33   INFO [pages.LoginPageRBO] : LabelFile element is displayed
2023-25-08 18:07:33   INFO [LoginRBOWithUploadFile] : Send file
2023-25-08 18:07:33   INFO [pages.LoginPageRBO] : LabelFileLogin element is displayed
2023-25-08 18:07:33   INFO [pages.LoginPageRBO] : Password element is displayed
2023-25-08 18:07:33   INFO [pages.LoginPageRBO] : Qwerty_123 was inputted Введіть пароль
2023-25-08 18:07:33   INFO [pages.LoginPageRBO] : SignIn element is displayed
2023-25-08 18:07:33   INFO [pages.LoginPageRBO] : SignIn element was clicked
2023-25-08 18:07:34   INFO [LoginRBOWithUploadFile] : Browser was closed
2023-25-08 18:07:34   INFO [LoginRBOWithUploadFile] : -----validLogin was stop ----
2023-26-08 10:21:36   INFO [LoginWithUploadFile] : -----validLogin was started ----
2023-26-08 10:21:43   INFO [LoginWithUploadFile] : Browser was opened
2023-26-08 10:21:44   INFO [pages.LoginPage] : Page was opened https://loans-dmz.dev.apps.testdmz-avalaunch.aval/gua-tender
2023-26-08 10:21:49   INFO [pages.LoginPage] : LoginFile element is not displayed
2023-26-08 10:21:50   INFO [LoginWithUploadFile] : Browser was closed
2023-26-08 10:21:50   INFO [LoginWithUploadFile] : -----validLogin was stop ----
2023-26-08 10:36:00   INFO [LoginWithUploadFile] : -----validLogin was started ----
2023-26-08 10:36:06   INFO [LoginWithUploadFile] : Browser was opened
2023-26-08 10:36:06   INFO [pages.LoginPage] : Page was opened https://loans-dmz.dev.apps.testdmz-avalaunch.aval/gua-tender
2023-26-08 10:36:12   INFO [pages.LoginPage] : LoginFile element is not displayed
2023-26-08 10:36:12   INFO [LoginWithUploadFile] : Browser was closed
2023-26-08 10:36:12   INFO [LoginWithUploadFile] : -----validLogin was stop ----
